0 info it worked if it ends with ok
1 verbose cli [ 'C:\\Program Files\\nodejs\\node.exe',
1 verbose cli   'C:\\Program Files\\nodejs\\node_modules\\npm\\bin\\npm-cli.js',
1 verbose cli   'start' ]
2 info using npm@3.10.10
3 info using node@v6.11.4
4 verbose run-script [ 'prestart', 'start', 'poststart' ]
5 info lifecycle typescript-course@1.0.0~prestart: typescript-course@1.0.0
6 silly lifecycle typescript-course@1.0.0~prestart: no script for prestart, continuing
7 info lifecycle typescript-course@1.0.0~start: typescript-course@1.0.0
8 verbose lifecycle typescript-course@1.0.0~start: unsafe-perm in lifecycle true
9 verbose lifecycle typescript-course@1.0.0~start: PATH: C:\Program Files\nodejs\node_modules\npm\bin\node-gyp-bin;C:\PROJETOS\typescript-course\node_modules\.bin;C:\Program Files\Microsoft MPI\Bin\;C:\ProgramData\Anaconda3;C:\ProgramData\Anaconda3\Library\mingw-w64\bin;C:\ProgramData\Anaconda3\Library\usr\bin;C:\ProgramData\Anaconda3\Library\bin;C:\ProgramData\Anaconda3\Scripts;C:\ProgramData\Oracle\Java\javapath;C:\Program Files (x86)\Intel\iCLS Client\;C:\Program Files\Intel\iCLS Client\;C:\Windows\system32;C:\Windows;C:\Windows\System32\Wbem;C:\Windows\System32\WindowsPowerShell\v1.0\;C:\Program Files\Intel\Intel(R) Management Engine Components\DAL;C:\Program Files\Intel\Intel(R) Management Engine Components\IPT;C:\Program Files (x86)\Intel\Intel(R) Management Engine Components\DAL;C:\Program Files (x86)\Intel\Intel(R) Management Engine Components\IPT;C:\Program Files\Intel\WiFi\bin\;C:\Program Files\Common Files\Intel\WirelessCommon\;%JAVA_HOME\bin;C:\Program Files (x86)\Skype\Phone\;C:\PostgreSQL\pg10\bin;C:\HashiCorp\Vagrant\bin;C:\Program Files\Microsoft SQL Server\110\Tools\Binn\;C:\Program Files (x86)\Microsoft SDKs\TypeScript\1.0\;C:\Program Files\Microsoft SQL Server\120\Tools\Binn\;C:\Program Files\nodejs\;C:\Program Files (x86)\Brackets\command;C:\Program Files\MySQL\MySQL Utilities 1.6\;C:\Program Files\dotnet\;C:\Program Files\Microsoft SQL Server\130\Tools\Binn\;C:\Program Files\Git\cmd;C:\Program Files (x86)\GtkSharp\2.12\bin;C:\Ruby23-x64\bin;C:\Users\Wanderson\AppData\Roaming\npm;C:\Program Files\Microsoft VS Code\bin;C:\Users\Wanderson\AppData\Local\atom\bin;C:\Program Files\Docker Toolbox;C:\cygwin64\bin;C:\tools;
10 verbose lifecycle typescript-course@1.0.0~start: CWD: C:\PROJETOS\typescript-course
11 silly lifecycle typescript-course@1.0.0~start: Args: [ '/d /s /c',
11 silly lifecycle   'NODE_ENV=development ./node_modules/.bin/ts-node ./server/server.ts' ]
12 silly lifecycle typescript-course@1.0.0~start: Returned: code: 1  signal: null
13 info lifecycle typescript-course@1.0.0~start: Failed to exec start script
14 verbose stack Error: typescript-course@1.0.0 start: `NODE_ENV=development ./node_modules/.bin/ts-node ./server/server.ts`
14 verbose stack Exit status 1
14 verbose stack     at EventEmitter.<anonymous> (C:\Program Files\nodejs\node_modules\npm\lib\utils\lifecycle.js:255:16)
14 verbose stack     at emitTwo (events.js:106:13)
14 verbose stack     at EventEmitter.emit (events.js:191:7)
14 verbose stack     at ChildProcess.<anonymous> (C:\Program Files\nodejs\node_modules\npm\lib\utils\spawn.js:40:14)
14 verbose stack     at emitTwo (events.js:106:13)
14 verbose stack     at ChildProcess.emit (events.js:191:7)
14 verbose stack     at maybeClose (internal/child_process.js:920:16)
14 verbose stack     at Process.ChildProcess._handle.onexit (internal/child_process.js:230:5)
15 verbose pkgid typescript-course@1.0.0
16 verbose cwd C:\PROJETOS\typescript-course
17 error Windows_NT 6.1.7601
18 error argv "C:\\Program Files\\nodejs\\node.exe" "C:\\Program Files\\nodejs\\node_modules\\npm\\bin\\npm-cli.js" "start"
19 error node v6.11.4
20 error npm  v3.10.10
21 error code ELIFECYCLE
22 error typescript-course@1.0.0 start: `NODE_ENV=development ./node_modules/.bin/ts-node ./server/server.ts`
22 error Exit status 1
23 error Failed at the typescript-course@1.0.0 start script 'NODE_ENV=development ./node_modules/.bin/ts-node ./server/server.ts'.
23 error Make sure you have the latest version of node.js and npm installed.
23 error If you do, this is most likely a problem with the typescript-course package,
23 error not with npm itself.
23 error Tell the author that this fails on your system:
23 error     NODE_ENV=development ./node_modules/.bin/ts-node ./server/server.ts
23 error You can get information on how to open an issue for this project with:
23 error     npm bugs typescript-course
23 error Or if that isn't available, you can get their info via:
23 error     npm owner ls typescript-course
23 error There is likely additional logging output above.
24 verbose exit [ 1, true ]
